<?xml version="1.0" encoding="UTF-8"?>
<!-- Generated by org.testng.reporters.JUnitReportReporter -->
<testsuite skipped="0" hostname="Slava-PC" name="com.elal.test.TestSearchingTickets" tests="2" failures="0" timestamp="12 окт 2018 13:00:04 GMT" time="36.620" errors="0">
  <testcase name="testAddOneAdult" time="18.431" classname="com.elal.test.TestSearchingTickets"/>
  <testcase name="testAdd8Adults" time="18.189" classname="com.elal.test.TestSearchingTickets"/>
</testsuite> <!-- com.elal.test.TestSearchingTickets -->
