<?xml version="1.0" encoding="UTF-8"?>
<!-- Generated by org.testng.reporters.JUnitReportReporter -->
<testsuite skipped="0" hostname="Slava-PC" name="com.elal.test.SearchingByDefferentDestinations" tests="1" failures="0" timestamp="13 окт 2018 08:00:09 GMT" time="21.028" errors="0">
  <testcase name="originAndDestinationAreNotMatched" time="21.028" classname="com.elal.test.SearchingByDefferentDestinations"/>
</testsuite> <!-- com.elal.test.SearchingByDefferentDestinations -->
