<?xml version="1.0" encoding="UTF-8"?>
<!-- Generated by org.testng.reporters.JUnitReportReporter -->
<testsuite skipped="1" hostname="Slava-PC" name="com.elal.test.AddingRemovingPassengers" tests="6" failures="0" timestamp="12 окт 2018 19:45:47 GMT" time="86.504" errors="0">
  <testcase name="testAddOneAdult" time="19.688" classname="com.elal.test.AddingRemovingPassengers"/>
  <testcase name="testAdd5Adults" time="18.564" classname="com.elal.test.AddingRemovingPassengers"/>
  <testcase name="testAdd9Adults" time="18.258" classname="com.elal.test.AddingRemovingPassengers"/>
  <testcase name="testRemoveAllAdults" time="10.050" classname="com.elal.test.AddingRemovingPassengers"/>
  <testcase name="testaddAdult_Children" time="19.944" classname="com.elal.test.AddingRemovingPassengers"/>
  <testcase name="testRemove3Adults" classname="com.elal.test.AddingRemovingPassengers">
    <skipped/>
  </testcase> <!-- testRemove3Adults -->
</testsuite> <!-- com.elal.test.AddingRemovingPassengers -->
