<?xml version="1.0" encoding="UTF-8"?>
<!-- Generated by org.testng.reporters.JUnitReportReporter -->
<testsuite skipped="0" hostname="Slava-PC" name="com.elal.test.TestSearchingTickets" tests="4" failures="0" timestamp="12 окт 2018 14:26:04 GMT" time="66.499" errors="0">
  <testcase name="testAddOneAdult" time="18.997" classname="com.elal.test.TestSearchingTickets"/>
  <testcase name="testAdd5Adults" time="17.883" classname="com.elal.test.TestSearchingTickets"/>
  <testcase name="testAdd9Adults" time="18.999" classname="com.elal.test.TestSearchingTickets"/>
  <testcase name="testRemoveAllAdults" time="10.620" classname="com.elal.test.TestSearchingTickets"/>
</testsuite> <!-- com.elal.test.TestSearchingTickets -->
