<?xml version="1.0" encoding="UTF-8"?>
<!-- Generated by org.testng.reporters.JUnitReportReporter -->
<testsuite skipped="0" hostname="Slava-PC" name="com.elal.test.SearchingByDefferentDestinations" tests="3" failures="0" timestamp="20 окт 2018 11:36:04 GMT" time="53.539" errors="0">
  <testcase name="originAndDestinationAreNotMatched" time="18.661" classname="com.elal.test.SearchingByDefferentDestinations"/>
  <testcase name="originAndDestinationAreNotMatched" time="16.981" classname="com.elal.test.SearchingByDefferentDestinations"/>
  <testcase name="originAndDestinationAreNotMatched" time="17.897" classname="com.elal.test.SearchingByDefferentDestinations"/>
</testsuite> <!-- com.elal.test.SearchingByDefferentDestinations -->
