<?xml version="1.0" encoding="UTF-8"?>
<!-- Generated by org.testng.reporters.JUnitReportReporter -->
<testsuite skipped="0" hostname="Slava-PC" name="com.elal.test.AddingRemovingPassengers" tests="7" failures="0" timestamp="20 окт 2018 09:12:02 GMT" time="115.626" errors="0">
  <testcase name="testOneAdult9Children" time="12.703" classname="com.elal.test.AddingRemovingPassengers"/>
  <testcase name="testAddOneAdult" time="19.885" classname="com.elal.test.AddingRemovingPassengers"/>
  <testcase name="testAdd5Adults" time="18.420" classname="com.elal.test.AddingRemovingPassengers"/>
  <testcase name="testAdd9Adults" time="18.241" classname="com.elal.test.AddingRemovingPassengers"/>
  <testcase name="testRemove3Adults" time="18.034" classname="com.elal.test.AddingRemovingPassengers"/>
  <testcase name="testRemoveAllAdults" time="9.641" classname="com.elal.test.AddingRemovingPassengers"/>
  <testcase name="testaddAdult_Children" time="18.702" classname="com.elal.test.AddingRemovingPassengers"/>
</testsuite> <!-- com.elal.test.AddingRemovingPassengers -->
