<?xml version="1.0" encoding="UTF-8"?>
<!-- Generated by org.testng.reporters.JUnitReportReporter -->
<testsuite skipped="6" hostname="Slava-PC" name="com.elal.test.AddingRemovingPassengers" tests="7" failures="0" timestamp="13 окт 2018 06:50:49 GMT" time="11.657" errors="0">
  <testcase name="testOneAdult9Children" time="11.657" classname="com.elal.test.AddingRemovingPassengers"/>
  <testcase name="testRemove3Adults" classname="com.elal.test.AddingRemovingPassengers">
    <skipped/>
  </testcase> <!-- testRemove3Adults -->
  <testcase name="testAdd9Adults" classname="com.elal.test.AddingRemovingPassengers">
    <skipped/>
  </testcase> <!-- testAdd9Adults -->
  <testcase name="testAddOneAdult" classname="com.elal.test.AddingRemovingPassengers">
    <skipped/>
  </testcase> <!-- testAddOneAdult -->
  <testcase name="testRemoveAllAdults" classname="com.elal.test.AddingRemovingPassengers">
    <skipped/>
  </testcase> <!-- testRemoveAllAdults -->
  <testcase name="testAdd5Adults" classname="com.elal.test.AddingRemovingPassengers">
    <skipped/>
  </testcase> <!-- testAdd5Adults -->
  <testcase name="testaddAdult_Children" classname="com.elal.test.AddingRemovingPassengers">
    <skipped/>
  </testcase> <!-- testaddAdult_Children -->
</testsuite> <!-- com.elal.test.AddingRemovingPassengers -->
